<?xml version="1.0" encoding="UTF-8"?>
<coverage generated="1765203301488" clover="3.2.0">
  <project timestamp="1765203301488" name="All files">
    <metrics statements="77" coveredstatements="70" conditionals="26" coveredconditionals="21" methods="22" coveredmethods="21" elements="125" coveredelements="112" complexity="0" loc="77" ncloc="77" packages="7" files="11" classes="11"/>
    <package name="api">
      <metrics statements="10" coveredstatements="7" conditionals="6" coveredconditionals="2" methods="3" coveredmethods="3"/>
      <file name="handlers.js" path="F:\Github\studies\react\react-projects\jest\src\Final\api\handlers.js">
        <metrics statements="6" coveredstatements="3" conditionals="4" coveredconditionals="0" methods="2" coveredmethods="2"/>
        <line num="3" count="5" type="stmt"/>
        <line num="5" count="3" type="stmt"/>
        <line num="14" count="1" type="stmt"/>
        <line num="15" count="0" type="cond" truecount="0" falsecount="4"/>
        <line num="16" count="0" type="stmt"/>
        <line num="18" count="0" type="stmt"/>
      </file>
      <file name="productsApi.js" path="F:\Github\studies\react\react-projects\jest\src\Final\api\productsApi.js">
        <metrics statements="4" coveredstatements="4" conditionals="2" coveredconditionals="2" methods="1" coveredmethods="1"/>
        <line num="3" count="6" type="stmt"/>
        <line num="4" count="6" type="cond" truecount="2" falsecount="0"/>
        <line num="5" count="4" type="stmt"/>
        <line num="6" count="4" type="stmt"/>
      </file>
    </package>
    <package name="app">
      <metrics statements="1" coveredstatements="1" conditionals="0" coveredconditionals="0" methods="0" coveredmethods="0"/>
      <file name="store.js" path="F:\Github\studies\react\react-projects\jest\src\Final\app\store.js">
        <metrics statements="1" coveredstatements="1" conditionals="0" coveredconditionals="0" methods="0" coveredmethods="0"/>
        <line num="4" count="3" type="stmt"/>
      </file>
    </package>
    <package name="components">
      <metrics statements="22" coveredstatements="22" conditionals="8" coveredconditionals="7" methods="7" coveredmethods="7"/>
      <file name="ErrorMessage.jsx" path="F:\Github\studies\react\react-projects\jest\src\Final\components\ErrorMessage.jsx">
        <metrics statements="1" coveredstatements="1" conditionals="2" coveredconditionals="2" methods="1" coveredmethods="1"/>
        <line num="4" count="2" type="stmt"/>
      </file>
      <file name="ProductList.jsx" path="F:\Github\studies\react\react-projects\jest\src\Final\components\ProductList.jsx">
        <metrics statements="21" coveredstatements="21" conditionals="6" coveredconditionals="5" methods="6" coveredmethods="6"/>
        <line num="6" count="16" type="stmt"/>
        <line num="7" count="16" type="stmt"/>
        <line num="8" count="16" type="stmt"/>
        <line num="10" count="16" type="stmt"/>
        <line num="11" count="6" type="stmt"/>
        <line num="12" count="6" type="stmt"/>
        <line num="13" count="6" type="stmt"/>
        <line num="14" count="6" type="stmt"/>
        <line num="15" count="4" type="stmt"/>
        <line num="17" count="2" type="stmt"/>
        <line num="19" count="6" type="stmt"/>
        <line num="23" count="16" type="stmt"/>
        <line num="24" count="5" type="stmt"/>
        <line num="25" count="5" type="stmt"/>
        <line num="26" count="5" type="stmt"/>
        <line num="28" count="5" type="cond" truecount="1" falsecount="1"/>
        <line num="29" count="5" type="stmt"/>
        <line num="32" count="16" type="cond" truecount="2" falsecount="0"/>
        <line num="33" count="10" type="cond" truecount="2" falsecount="0"/>
        <line num="35" count="8" type="stmt"/>
        <line num="38" count="7" type="stmt"/>
      </file>
    </package>
    <package name="features.auth">
      <metrics statements="9" coveredstatements="9" conditionals="0" coveredconditionals="0" methods="4" coveredmethods="4"/>
      <file name="authSelectors.js" path="F:\Github\studies\react\react-projects\jest\src\Final\features\auth\authSelectors.js">
        <metrics statements="2" coveredstatements="2" conditionals="0" coveredconditionals="0" methods="2" coveredmethods="2"/>
        <line num="1" count="4" type="stmt"/>
        <line num="2" count="6" type="stmt"/>
      </file>
      <file name="authSlice.js" path="F:\Github\studies\react\react-projects\jest\src\Final\features\auth\authSlice.js">
        <metrics statements="7" coveredstatements="7" conditionals="0" coveredconditionals="0" methods="2" coveredmethods="2"/>
        <line num="3" count="4" type="stmt"/>
        <line num="5" count="4" type="stmt"/>
        <line num="10" count="3" type="stmt"/>
        <line num="11" count="3" type="stmt"/>
        <line num="14" count="3" type="stmt"/>
        <line num="15" count="3" type="stmt"/>
        <line num="20" count="4" type="stmt"/>
      </file>
    </package>
    <package name="pages">
      <metrics statements="31" coveredstatements="27" conditionals="10" coveredconditionals="10" methods="6" coveredmethods="5"/>
      <file name="Dashboard.jsx" path="F:\Github\studies\react\react-projects\jest\src\Final\pages\Dashboard.jsx">
        <metrics statements="8" coveredstatements="4" conditionals="2" coveredconditionals="2" methods="2" coveredmethods="1"/>
        <line num="9" count="3" type="stmt"/>
        <line num="10" count="3" type="stmt"/>
        <line num="11" count="3" type="stmt"/>
        <line num="14" count="0" type="stmt"/>
        <line num="15" count="0" type="stmt"/>
        <line num="16" count="0" type="stmt"/>
        <line num="17" count="0" type="stmt"/>
        <line num="20" count="3" type="stmt"/>
      </file>
      <file name="Login.jsx" path="F:\Github\studies\react\react-projects\jest\src\Final\pages\Login.jsx">
        <metrics statements="23" coveredstatements="23" conditionals="8" coveredconditionals="8" methods="4" coveredmethods="4"/>
        <line num="8" count="33" type="stmt"/>
        <line num="9" count="33" type="stmt"/>
        <line num="10" count="33" type="stmt"/>
        <line num="11" count="33" type="stmt"/>
        <line num="12" count="33" type="stmt"/>
        <line num="15" count="3" type="stmt"/>
        <line num="16" count="3" type="stmt"/>
        <line num="17" count="3" type="cond" truecount="4" falsecount="0"/>
        <line num="18" count="1" type="stmt"/>
        <line num="19" count="1" type="stmt"/>
        <line num="22" count="2" type="stmt"/>
        <line num="23" count="2" type="stmt"/>
        <line num="28" count="2" type="cond" truecount="2" falsecount="0"/>
        <line num="29" count="1" type="stmt"/>
        <line num="31" count="1" type="stmt"/>
        <line num="32" count="1" type="stmt"/>
        <line num="33" count="1" type="stmt"/>
        <line num="34" count="1" type="stmt"/>
        <line num="35" count="1" type="stmt"/>
        <line num="37" count="1" type="stmt"/>
        <line num="41" count="33" type="stmt"/>
        <line num="47" count="13" type="stmt"/>
        <line num="48" count="12" type="stmt"/>
      </file>
    </package>
    <package name="routes">
      <metrics statements="3" coveredstatements="3" conditionals="2" coveredconditionals="2" methods="2" coveredmethods="2"/>
      <file name="AppRouter.jsx" path="F:\Github\studies\react\react-projects\jest\src\Final\routes\AppRouter.jsx">
        <metrics statements="3" coveredstatements="3" conditionals="2" coveredconditionals="2" methods="2" coveredmethods="2"/>
        <line num="9" count="2" type="stmt"/>
        <line num="10" count="2" type="cond" truecount="2" falsecount="0"/>
        <line num="14" count="2" type="stmt"/>
      </file>
    </package>
    <package name="tests.msw">
      <metrics statements="1" coveredstatements="1" conditionals="0" coveredconditionals="0" methods="0" coveredmethods="0"/>
      <file name="server.js" path="F:\Github\studies\react\react-projects\jest\src\Final\tests\msw\server.js">
        <metrics statements="1" coveredstatements="1" conditionals="0" coveredconditionals="0" methods="0" coveredmethods="0"/>
        <line num="4" count="5" type="stmt"/>
      </file>
    </package>
  </project>
</coverage>
