{"F:\\Github\\studies\\react\\react-projects\\jest\\src\\Final\\api\\handlers.js": {"path":"F:\\Github\\studies\\react\\react-projects\\jest\\src\\Final\\api\\handlers.js","statementMap":{"0":{"start":{"line":3,"column":24},"end":{"line":20,"column":1}},"1":{"start":{"line":5,"column":4},"end":{"line":9,"column":7}},"2":{"start":{"line":14,"column":17},"end":{"line":14,"column":33}},"3":{"start":{"line":15,"column":4},"end":{"line":17,"column":5}},"4":{"start":{"line":16,"column":6},"end":{"line":16,"column":86}},"5":{"start":{"line":18,"column":4},"end":{"line":18,"column":81}}},"fnMap":{"0":{"name":"(anonymous_0)","decl":{"start":{"line":4,"column":45},"end":{"line":4,"column":46}},"loc":{"start":{"line":4,"column":51},"end":{"line":10,"column":3}},"line":4},"1":{"name":"(anonymous_1)","decl":{"start":{"line":13,"column":48},"end":{"line":13,"column":49}},"loc":{"start":{"line":13,"column":63},"end":{"line":19,"column":3}},"line":13}},"branchMap":{"0":{"loc":{"start":{"line":15,"column":4},"end":{"line":17,"column":5}},"type":"if","locations":[{"start":{"line":15,"column":4},"end":{"line":17,"column":5}},{"start":{},"end":{}}],"line":15},"1":{"loc":{"start":{"line":15,"column":8},"end":{"line":15,"column":69}},"type":"binary-expr","locations":[{"start":{"line":15,"column":8},"end":{"line":15,"column":38}},{"start":{"line":15,"column":42},"end":{"line":15,"column":69}}],"line":15}},"s":{"0":5,"1":3,"2":1,"3":0,"4":0,"5":0},"f":{"0":3,"1":1},"b":{"0":[0,0],"1":[0,0]},"_coverageSchema":"1a1c01bbd47fc00a2c39e90264f33305004495a9","hash":"baaabfb0023a36c65b9921ea9550999873502432"}
,"F:\\Github\\studies\\react\\react-projects\\jest\\src\\Final\\api\\productsApi.js": {"path":"F:\\Github\\studies\\react\\react-projects\\jest\\src\\Final\\api\\productsApi.js","statementMap":{"0":{"start":{"line":3,"column":14},"end":{"line":3,"column":59}},"1":{"start":{"line":4,"column":2},"end":{"line":4,"column":58}},"2":{"start":{"line":4,"column":15},"end":{"line":4,"column":58}},"3":{"start":{"line":5,"column":15},"end":{"line":5,"column":31}},"4":{"start":{"line":6,"column":2},"end":{"line":6,"column":22}}},"fnMap":{"0":{"name":"fetchProducts","decl":{"start":{"line":2,"column":22},"end":{"line":2,"column":35}},"loc":{"start":{"line":2,"column":38},"end":{"line":7,"column":1}},"line":2}},"branchMap":{"0":{"loc":{"start":{"line":4,"column":2},"end":{"line":4,"column":58}},"type":"if","locations":[{"start":{"line":4,"column":2},"end":{"line":4,"column":58}},{"start":{},"end":{}}],"line":4}},"s":{"0":6,"1":6,"2":2,"3":4,"4":4},"f":{"0":6},"b":{"0":[2,4]},"_coverageSchema":"1a1c01bbd47fc00a2c39e90264f33305004495a9","hash":"978a036c3a69256616279712e38ea7edfb6ef590"}
,"F:\\Github\\studies\\react\\react-projects\\jest\\src\\Final\\app\\store.js": {"path":"F:\\Github\\studies\\react\\react-projects\\jest\\src\\Final\\app\\store.js","statementMap":{"0":{"start":{"line":4,"column":21},"end":{"line":8,"column":2}}},"fnMap":{},"branchMap":{},"s":{"0":3},"f":{},"b":{},"_coverageSchema":"1a1c01bbd47fc00a2c39e90264f33305004495a9","hash":"8981a83948edfab0a3467727e4b5459e0e34f0eb"}
,"F:\\Github\\studies\\react\\react-projects\\jest\\src\\Final\\components\\ErrorMessage.jsx": {"path":"F:\\Github\\studies\\react\\react-projects\\jest\\src\\Final\\components\\ErrorMessage.jsx","statementMap":{"0":{"start":{"line":4,"column":2},"end":{"line":9,"column":3}}},"fnMap":{"0":{"name":"ErrorMessage","decl":{"start":{"line":3,"column":24},"end":{"line":3,"column":36}},"loc":{"start":{"line":3,"column":56},"end":{"line":10,"column":1}},"line":3}},"branchMap":{"0":{"loc":{"start":{"line":7,"column":7},"end":{"line":7,"column":58}},"type":"binary-expr","locations":[{"start":{"line":7,"column":7},"end":{"line":7,"column":14}},{"start":{"line":7,"column":18},"end":{"line":7,"column":58}}],"line":7}},"s":{"0":2},"f":{"0":2},"b":{"0":[2,2]},"_coverageSchema":"1a1c01bbd47fc00a2c39e90264f33305004495a9","hash":"954e81363562851e72f8c89ee17b3ead2c0f91fc"}
,"F:\\Github\\studies\\react\\react-projects\\jest\\src\\Final\\components\\ProductList.jsx": {"path":"F:\\Github\\studies\\react\\react-projects\\jest\\src\\Final\\components\\ProductList.jsx","statementMap":{"0":{"start":{"line":6,"column":34},"end":{"line":6,"column":46}},"1":{"start":{"line":7,"column":32},"end":{"line":7,"column":47}},"2":{"start":{"line":8,"column":28},"end":{"line":8,"column":42}},"3":{"start":{"line":10,"column":15},"end":{"line":21,"column":3}},"4":{"start":{"line":11,"column":4},"end":{"line":11,"column":20}},"5":{"start":{"line":12,"column":4},"end":{"line":12,"column":18}},"6":{"start":{"line":13,"column":4},"end":{"line":20,"column":5}},"7":{"start":{"line":14,"column":19},"end":{"line":14,"column":40}},"8":{"start":{"line":15,"column":6},"end":{"line":15,"column":23}},"9":{"start":{"line":17,"column":6},"end":{"line":17,"column":25}},"10":{"start":{"line":19,"column":6},"end":{"line":19,"column":23}},"11":{"start":{"line":23,"column":2},"end":{"line":30,"column":8}},"12":{"start":{"line":24,"column":20},"end":{"line":24,"column":24}},"13":{"start":{"line":25,"column":21},"end":{"line":27,"column":5}},"14":{"start":{"line":26,"column":6},"end":{"line":26,"column":18}},"15":{"start":{"line":28,"column":4},"end":{"line":28,"column":28}},"16":{"start":{"line":28,"column":18},"end":{"line":28,"column":28}},"17":{"start":{"line":29,"column":4},"end":{"line":29,"column":38}},"18":{"start":{"line":29,"column":19},"end":{"line":29,"column":36}},"19":{"start":{"line":32,"column":2},"end":{"line":32,"column":38}},"20":{"start":{"line":32,"column":14},"end":{"line":32,"column":38}},"21":{"start":{"line":33,"column":2},"end":{"line":33,"column":66}},"22":{"start":{"line":33,"column":12},"end":{"line":33,"column":66}},"23":{"start":{"line":35,"column":2},"end":{"line":41,"column":3}},"24":{"start":{"line":38,"column":27},"end":{"line":38,"column":56}}},"fnMap":{"0":{"name":"ProductList","decl":{"start":{"line":5,"column":24},"end":{"line":5,"column":35}},"loc":{"start":{"line":5,"column":37},"end":{"line":42,"column":1}},"line":5},"1":{"name":"(anonymous_1)","decl":{"start":{"line":10,"column":15},"end":{"line":10,"column":16}},"loc":{"start":{"line":10,"column":27},"end":{"line":21,"column":3}},"line":10},"2":{"name":"(anonymous_2)","decl":{"start":{"line":23,"column":12},"end":{"line":23,"column":13}},"loc":{"start":{"line":23,"column":16},"end":{"line":30,"column":3}},"line":23},"3":{"name":"(anonymous_3)","decl":{"start":{"line":25,"column":21},"end":{"line":25,"column":22}},"loc":{"start":{"line":25,"column":33},"end":{"line":27,"column":5}},"line":25},"4":{"name":"(anonymous_4)","decl":{"start":{"line":29,"column":11},"end":{"line":29,"column":12}},"loc":{"start":{"line":29,"column":17},"end":{"line":29,"column":38}},"line":29},"5":{"name":"(anonymous_5)","decl":{"start":{"line":38,"column":22},"end":{"line":38,"column":23}},"loc":{"start":{"line":38,"column":27},"end":{"line":38,"column":56}},"line":38}},"branchMap":{"0":{"loc":{"start":{"line":28,"column":4},"end":{"line":28,"column":28}},"type":"if","locations":[{"start":{"line":28,"column":4},"end":{"line":28,"column":28}},{"start":{},"end":{}}],"line":28},"1":{"loc":{"start":{"line":32,"column":2},"end":{"line":32,"column":38}},"type":"if","locations":[{"start":{"line":32,"column":2},"end":{"line":32,"column":38}},{"start":{},"end":{}}],"line":32},"2":{"loc":{"start":{"line":33,"column":2},"end":{"line":33,"column":66}},"type":"if","locations":[{"start":{"line":33,"column":2},"end":{"line":33,"column":66}},{"start":{},"end":{}}],"line":33}},"s":{"0":16,"1":16,"2":16,"3":16,"4":6,"5":6,"6":6,"7":6,"8":4,"9":2,"10":6,"11":16,"12":5,"13":5,"14":5,"15":5,"16":5,"17":5,"18":5,"19":16,"20":6,"21":10,"22":2,"23":8,"24":7},"f":{"0":16,"1":6,"2":5,"3":5,"4":5,"5":7},"b":{"0":[5,0],"1":[6,10],"2":[2,8]},"_coverageSchema":"1a1c01bbd47fc00a2c39e90264f33305004495a9","hash":"9855d055290b0575992f87cf75d5ada06d917e4a"}
,"F:\\Github\\studies\\react\\react-projects\\jest\\src\\Final\\features\\auth\\authSelectors.js": {"path":"F:\\Github\\studies\\react\\react-projects\\jest\\src\\Final\\features\\auth\\authSelectors.js","statementMap":{"0":{"start":{"line":1,"column":32},"end":{"line":1,"column":62}},"1":{"start":{"line":1,"column":41},"end":{"line":1,"column":62}},"2":{"start":{"line":2,"column":26},"end":{"line":2,"column":50}},"3":{"start":{"line":2,"column":35},"end":{"line":2,"column":50}}},"fnMap":{"0":{"name":"(anonymous_0)","decl":{"start":{"line":1,"column":32},"end":{"line":1,"column":33}},"loc":{"start":{"line":1,"column":41},"end":{"line":1,"column":62}},"line":1},"1":{"name":"(anonymous_1)","decl":{"start":{"line":2,"column":26},"end":{"line":2,"column":27}},"loc":{"start":{"line":2,"column":35},"end":{"line":2,"column":50}},"line":2}},"branchMap":{},"s":{"0":2,"1":4,"2":2,"3":6},"f":{"0":4,"1":6},"b":{},"_coverageSchema":"1a1c01bbd47fc00a2c39e90264f33305004495a9","hash":"99f91c4b54bc3836e17743c1a587031c1de8893a"}
,"F:\\Github\\studies\\react\\react-projects\\jest\\src\\Final\\features\\auth\\authSlice.js": {"path":"F:\\Github\\studies\\react\\react-projects\\jest\\src\\Final\\features\\auth\\authSlice.js","statementMap":{"0":{"start":{"line":3,"column":21},"end":{"line":3,"column":54}},"1":{"start":{"line":5,"column":18},"end":{"line":18,"column":2}},"2":{"start":{"line":10,"column":6},"end":{"line":10,"column":33}},"3":{"start":{"line":11,"column":6},"end":{"line":11,"column":29}},"4":{"start":{"line":14,"column":6},"end":{"line":14,"column":23}},"5":{"start":{"line":15,"column":6},"end":{"line":15,"column":30}},"6":{"start":{"line":20,"column":31},"end":{"line":20,"column":48}}},"fnMap":{"0":{"name":"(anonymous_0)","decl":{"start":{"line":9,"column":4},"end":{"line":9,"column":5}},"loc":{"start":{"line":9,"column":25},"end":{"line":12,"column":5}},"line":9},"1":{"name":"(anonymous_1)","decl":{"start":{"line":13,"column":4},"end":{"line":13,"column":5}},"loc":{"start":{"line":13,"column":18},"end":{"line":16,"column":5}},"line":13}},"branchMap":{},"s":{"0":4,"1":4,"2":3,"3":3,"4":3,"5":3,"6":4},"f":{"0":3,"1":3},"b":{},"_coverageSchema":"1a1c01bbd47fc00a2c39e90264f33305004495a9","hash":"ee880d3a90549ed5f31fb2062069eb6aa631ab6a"}
,"F:\\Github\\studies\\react\\react-projects\\jest\\src\\Final\\pages\\Dashboard.jsx": {"path":"F:\\Github\\studies\\react\\react-projects\\jest\\src\\Final\\pages\\Dashboard.jsx","statementMap":{"0":{"start":{"line":9,"column":19},"end":{"line":9,"column":32}},"1":{"start":{"line":10,"column":19},"end":{"line":10,"column":32}},"2":{"start":{"line":11,"column":15},"end":{"line":11,"column":38}},"3":{"start":{"line":14,"column":4},"end":{"line":14,"column":22}},"4":{"start":{"line":15,"column":4},"end":{"line":15,"column":36}},"5":{"start":{"line":16,"column":4},"end":{"line":16,"column":39}},"6":{"start":{"line":17,"column":4},"end":{"line":17,"column":22}},"7":{"start":{"line":20,"column":2},"end":{"line":27,"column":3}}},"fnMap":{"0":{"name":"Dashboard","decl":{"start":{"line":8,"column":24},"end":{"line":8,"column":33}},"loc":{"start":{"line":8,"column":35},"end":{"line":28,"column":1}},"line":8},"1":{"name":"handleLogout","decl":{"start":{"line":13,"column":11},"end":{"line":13,"column":23}},"loc":{"start":{"line":13,"column":25},"end":{"line":18,"column":3}},"line":13}},"branchMap":{"0":{"loc":{"start":{"line":23,"column":18},"end":{"line":23,"column":39}},"type":"binary-expr","locations":[{"start":{"line":23,"column":18},"end":{"line":23,"column":28}},{"start":{"line":23,"column":32},"end":{"line":23,"column":39}}],"line":23}},"s":{"0":3,"1":3,"2":3,"3":0,"4":0,"5":0,"6":0,"7":3},"f":{"0":3,"1":0},"b":{"0":[3,2]},"_coverageSchema":"1a1c01bbd47fc00a2c39e90264f33305004495a9","hash":"b81cd00256c808ee831f7e1d65bf1e754417b9d8"}
,"F:\\Github\\studies\\react\\react-projects\\jest\\src\\Final\\pages\\Login.jsx": {"path":"F:\\Github\\studies\\react\\react-projects\\jest\\src\\Final\\pages\\Login.jsx","statementMap":{"0":{"start":{"line":8,"column":34},"end":{"line":8,"column":46}},"1":{"start":{"line":9,"column":34},"end":{"line":9,"column":46}},"2":{"start":{"line":10,"column":28},"end":{"line":10,"column":42}},"3":{"start":{"line":11,"column":19},"end":{"line":11,"column":32}},"4":{"start":{"line":12,"column":19},"end":{"line":12,"column":32}},"5":{"start":{"line":15,"column":4},"end":{"line":15,"column":22}},"6":{"start":{"line":16,"column":4},"end":{"line":16,"column":18}},"7":{"start":{"line":17,"column":4},"end":{"line":20,"column":5}},"8":{"start":{"line":18,"column":6},"end":{"line":18,"column":38}},"9":{"start":{"line":19,"column":6},"end":{"line":19,"column":12}},"10":{"start":{"line":22,"column":4},"end":{"line":38,"column":5}},"11":{"start":{"line":23,"column":18},"end":{"line":27,"column":8}},"12":{"start":{"line":28,"column":6},"end":{"line":30,"column":7}},"13":{"start":{"line":29,"column":8},"end":{"line":29,"column":40}},"14":{"start":{"line":31,"column":19},"end":{"line":31,"column":35}},"15":{"start":{"line":32,"column":6},"end":{"line":32,"column":63}},"16":{"start":{"line":33,"column":6},"end":{"line":33,"column":47}},"17":{"start":{"line":34,"column":6},"end":{"line":34,"column":53}},"18":{"start":{"line":35,"column":6},"end":{"line":35,"column":28}},"19":{"start":{"line":37,"column":6},"end":{"line":37,"column":27}},"20":{"start":{"line":41,"column":2},"end":{"line":53,"column":3}},"21":{"start":{"line":47,"column":92},"end":{"line":47,"column":119}},"22":{"start":{"line":48,"column":108},"end":{"line":48,"column":135}}},"fnMap":{"0":{"name":"Login","decl":{"start":{"line":7,"column":24},"end":{"line":7,"column":29}},"loc":{"start":{"line":7,"column":31},"end":{"line":54,"column":1}},"line":7},"1":{"name":"handleSubmit","decl":{"start":{"line":14,"column":17},"end":{"line":14,"column":29}},"loc":{"start":{"line":14,"column":32},"end":{"line":39,"column":3}},"line":14},"2":{"name":"(anonymous_2)","decl":{"start":{"line":47,"column":89},"end":{"line":47,"column":90}},"loc":{"start":{"line":47,"column":92},"end":{"line":47,"column":119}},"line":47},"3":{"name":"(anonymous_3)","decl":{"start":{"line":48,"column":105},"end":{"line":48,"column":106}},"loc":{"start":{"line":48,"column":108},"end":{"line":48,"column":135}},"line":48}},"branchMap":{"0":{"loc":{"start":{"line":17,"column":4},"end":{"line":20,"column":5}},"type":"if","locations":[{"start":{"line":17,"column":4},"end":{"line":20,"column":5}},{"start":{},"end":{}}],"line":17},"1":{"loc":{"start":{"line":17,"column":7},"end":{"line":17,"column":29}},"type":"binary-expr","locations":[{"start":{"line":17,"column":7},"end":{"line":17,"column":16}},{"start":{"line":17,"column":20},"end":{"line":17,"column":29}}],"line":17},"2":{"loc":{"start":{"line":28,"column":6},"end":{"line":30,"column":7}},"type":"if","locations":[{"start":{"line":28,"column":6},"end":{"line":30,"column":7}},{"start":{},"end":{}}],"line":28},"3":{"loc":{"start":{"line":45,"column":9},"end":{"line":45,"column":50}},"type":"binary-expr","locations":[{"start":{"line":45,"column":9},"end":{"line":45,"column":14}},{"start":{"line":45,"column":18},"end":{"line":45,"column":50}}],"line":45}},"s":{"0":33,"1":33,"2":33,"3":33,"4":33,"5":3,"6":3,"7":3,"8":1,"9":1,"10":2,"11":2,"12":2,"13":1,"14":1,"15":1,"16":1,"17":1,"18":1,"19":1,"20":33,"21":13,"22":12},"f":{"0":33,"1":3,"2":13,"3":12},"b":{"0":[1,2],"1":[3,2],"2":[1,1],"3":[33,10]},"_coverageSchema":"1a1c01bbd47fc00a2c39e90264f33305004495a9","hash":"9ff118f8bbc50e4cede9b94a970f3e22af2af6a5"}
,"F:\\Github\\studies\\react\\react-projects\\jest\\src\\Final\\routes\\AppRouter.jsx": {"path":"F:\\Github\\studies\\react\\react-projects\\jest\\src\\Final\\routes\\AppRouter.jsx","statementMap":{"0":{"start":{"line":9,"column":21},"end":{"line":9,"column":50}},"1":{"start":{"line":10,"column":2},"end":{"line":10,"column":57}},"2":{"start":{"line":14,"column":2},"end":{"line":20,"column":3}}},"fnMap":{"0":{"name":"PrivateRoute","decl":{"start":{"line":8,"column":9},"end":{"line":8,"column":21}},"loc":{"start":{"line":8,"column":33},"end":{"line":11,"column":1}},"line":8},"1":{"name":"AppRouter","decl":{"start":{"line":13,"column":24},"end":{"line":13,"column":33}},"loc":{"start":{"line":13,"column":35},"end":{"line":21,"column":1}},"line":13}},"branchMap":{"0":{"loc":{"start":{"line":10,"column":9},"end":{"line":10,"column":57}},"type":"cond-expr","locations":[{"start":{"line":10,"column":22},"end":{"line":10,"column":30}},{"start":{"line":10,"column":33},"end":{"line":10,"column":57}}],"line":10}},"s":{"0":2,"1":2,"2":2},"f":{"0":2,"1":2},"b":{"0":[1,1]},"_coverageSchema":"1a1c01bbd47fc00a2c39e90264f33305004495a9","hash":"e8f4157ad0418406f4885eda0bcbf3a0212b9e35"}
,"F:\\Github\\studies\\react\\react-projects\\jest\\src\\Final\\tests\\msw\\server.js": {"path":"F:\\Github\\studies\\react\\react-projects\\jest\\src\\Final\\tests\\msw\\server.js","statementMap":{"0":{"start":{"line":4,"column":22},"end":{"line":4,"column":46}}},"fnMap":{},"branchMap":{},"s":{"0":5},"f":{},"b":{},"_coverageSchema":"1a1c01bbd47fc00a2c39e90264f33305004495a9","hash":"0bb26732856812bb941f5ef634e51a8089d67c89"}
}
