{"F:\\Github\\studies\\react\\react-projects\\jest\\src\\test\\day8\\redux\\Day8.jsx": {"path":"F:\\Github\\studies\\react\\react-projects\\jest\\src\\test\\day8\\redux\\Day8.jsx","statementMap":{"0":{"start":{"line":6,"column":24},"end":{"line":6,"column":56}},"1":{"start":{"line":6,"column":45},"end":{"line":6,"column":55}},"2":{"start":{"line":7,"column":21},"end":{"line":7,"column":34}},"3":{"start":{"line":8,"column":2},"end":{"line":14,"column":3}},"4":{"start":{"line":10,"column":76},"end":{"line":10,"column":109}},"5":{"start":{"line":12,"column":27},"end":{"line":12,"column":46}}},"fnMap":{"0":{"name":"Day8","decl":{"start":{"line":5,"column":24},"end":{"line":5,"column":28}},"loc":{"start":{"line":5,"column":31},"end":{"line":15,"column":1}},"line":5},"1":{"name":"(anonymous_1)","decl":{"start":{"line":6,"column":36},"end":{"line":6,"column":37}},"loc":{"start":{"line":6,"column":45},"end":{"line":6,"column":55}},"line":6},"2":{"name":"(anonymous_2)","decl":{"start":{"line":10,"column":71},"end":{"line":10,"column":72}},"loc":{"start":{"line":10,"column":76},"end":{"line":10,"column":109}},"line":10},"3":{"name":"(anonymous_3)","decl":{"start":{"line":12,"column":21},"end":{"line":12,"column":22}},"loc":{"start":{"line":12,"column":27},"end":{"line":12,"column":46}},"line":12}},"branchMap":{},"s":{"0":7,"1":14,"2":7,"3":7,"4":5,"5":1},"f":{"0":7,"1":14,"2":5,"3":1},"b":{},"_coverageSchema":"1a1c01bbd47fc00a2c39e90264f33305004495a9","hash":"fffb947c7a71b74b7d2b8a242fecbf8224d5828f"}
,"F:\\Github\\studies\\react\\react-projects\\jest\\src\\test\\day8\\redux\\slice.jsx": {"path":"F:\\Github\\studies\\react\\react-projects\\jest\\src\\test\\day8\\redux\\slice.jsx","statementMap":{"0":{"start":{"line":3,"column":21},"end":{"line":6,"column":1}},"1":{"start":{"line":8,"column":18},"end":{"line":19,"column":2}},"2":{"start":{"line":13,"column":12},"end":{"line":13,"column":39}},"3":{"start":{"line":16,"column":12},"end":{"line":16,"column":39}},"4":{"start":{"line":21,"column":33},"end":{"line":21,"column":50}}},"fnMap":{"0":{"name":"(anonymous_0)","decl":{"start":{"line":12,"column":17},"end":{"line":12,"column":18}},"loc":{"start":{"line":12,"column":36},"end":{"line":14,"column":9}},"line":12},"1":{"name":"(anonymous_1)","decl":{"start":{"line":15,"column":16},"end":{"line":15,"column":17}},"loc":{"start":{"line":15,"column":35},"end":{"line":17,"column":9}},"line":15}},"branchMap":{},"s":{"0":2,"1":2,"2":6,"3":2,"4":2},"f":{"0":6,"1":2},"b":{},"_coverageSchema":"1a1c01bbd47fc00a2c39e90264f33305004495a9","hash":"3b2bf3deaf14df531bfa9e21632d4891b385a067"}
,"F:\\Github\\studies\\react\\react-projects\\jest\\src\\test\\day8\\redux\\store.jsx": {"path":"F:\\Github\\studies\\react\\react-projects\\jest\\src\\test\\day8\\redux\\store.jsx","statementMap":{"0":{"start":{"line":4,"column":21},"end":{"line":8,"column":2}}},"fnMap":{},"branchMap":{},"s":{"0":1},"f":{},"b":{},"_coverageSchema":"1a1c01bbd47fc00a2c39e90264f33305004495a9","hash":"0e7a4fbca31de6c33e456cc89c504230e2431c9a"}
,"F:\\Github\\studies\\react\\react-projects\\jest\\src\\test2\\mocks\\handlers.js": {"path":"F:\\Github\\studies\\react\\react-projects\\jest\\src\\test2\\mocks\\handlers.js","statementMap":{"0":{"start":{"line":3,"column":24},"end":{"line":11,"column":1}},"1":{"start":{"line":5,"column":8},"end":{"line":9,"column":10}}},"fnMap":{"0":{"name":"(anonymous_0)","decl":{"start":{"line":4,"column":59},"end":{"line":4,"column":60}},"loc":{"start":{"line":4,"column":65},"end":{"line":10,"column":5}},"line":4}},"branchMap":{},"s":{"0":2,"1":0},"f":{"0":0},"b":{},"_coverageSchema":"1a1c01bbd47fc00a2c39e90264f33305004495a9","hash":"0ff88b8d5649e18b603f4b17f96a944cfda648ad"}
,"F:\\Github\\studies\\react\\react-projects\\jest\\src\\test2\\mocks\\server.js": {"path":"F:\\Github\\studies\\react\\react-projects\\jest\\src\\test2\\mocks\\server.js","statementMap":{"0":{"start":{"line":5,"column":22},"end":{"line":5,"column":46}}},"fnMap":{},"branchMap":{},"s":{"0":2},"f":{},"b":{},"_coverageSchema":"1a1c01bbd47fc00a2c39e90264f33305004495a9","hash":"6d6e3bbc0f86c649d115bb868825d9bd8d1c8364"}
}
