TN:
SF:src\Final\api\handlers.js
FN:4,(anonymous_0)
FN:13,(anonymous_1)
FNF:2
FNH:2
FNDA:3,(anonymous_0)
FNDA:1,(anonymous_1)
DA:3,5
DA:5,3
DA:14,1
DA:15,0
DA:16,0
DA:18,0
LF:6
LH:3
BRDA:15,0,0,0
BRDA:15,0,1,0
BRDA:15,1,0,0
BRDA:15,1,1,0
BRF:4
BRH:0
end_of_record
TN:
SF:src\Final\api\productsApi.js
FN:2,fetchProducts
FNF:1
FNH:1
FNDA:6,fetchProducts
DA:3,6
DA:4,6
DA:5,4
DA:6,4
LF:4
LH:4
BRDA:4,0,0,2
BRDA:4,0,1,4
BRF:2
BRH:2
end_of_record
TN:
SF:src\Final\app\store.js
FNF:0
FNH:0
DA:4,3
LF:1
LH:1
BRF:0
BRH:0
end_of_record
TN:
SF:src\Final\components\ErrorMessage.jsx
FN:3,ErrorMessage
FNF:1
FNH:1
FNDA:2,ErrorMessage
DA:4,2
LF:1
LH:1
BRDA:7,0,0,2
BRDA:7,0,1,2
BRF:2
BRH:2
end_of_record
TN:
SF:src\Final\components\ProductList.jsx
FN:5,ProductList
FN:10,(anonymous_1)
FN:23,(anonymous_2)
FN:25,(anonymous_3)
FN:29,(anonymous_4)
FN:38,(anonymous_5)
FNF:6
FNH:6
FNDA:16,ProductList
FNDA:6,(anonymous_1)
FNDA:5,(anonymous_2)
FNDA:5,(anonymous_3)
FNDA:5,(anonymous_4)
FNDA:7,(anonymous_5)
DA:6,16
DA:7,16
DA:8,16
DA:10,16
DA:11,6
DA:12,6
DA:13,6
DA:14,6
DA:15,4
DA:17,2
DA:19,6
DA:23,16
DA:24,5
DA:25,5
DA:26,5
DA:28,5
DA:29,5
DA:32,16
DA:33,10
DA:35,8
DA:38,7
LF:21
LH:21
BRDA:28,0,0,5
BRDA:28,0,1,0
BRDA:32,1,0,6
BRDA:32,1,1,10
BRDA:33,2,0,2
BRDA:33,2,1,8
BRF:6
BRH:5
end_of_record
TN:
SF:src\Final\features\auth\authSelectors.js
FN:1,(anonymous_0)
FN:2,(anonymous_1)
FNF:2
FNH:2
FNDA:4,(anonymous_0)
FNDA:6,(anonymous_1)
DA:1,4
DA:2,6
LF:2
LH:2
BRF:0
BRH:0
end_of_record
TN:
SF:src\Final\features\auth\authSlice.js
FN:9,(anonymous_0)
FN:13,(anonymous_1)
FNF:2
FNH:2
FNDA:3,(anonymous_0)
FNDA:3,(anonymous_1)
DA:3,4
DA:5,4
DA:10,3
DA:11,3
DA:14,3
DA:15,3
DA:20,4
LF:7
LH:7
BRF:0
BRH:0
end_of_record
TN:
SF:src\Final\pages\Dashboard.jsx
FN:8,Dashboard
FN:13,handleLogout
FNF:2
FNH:1
FNDA:3,Dashboard
FNDA:0,handleLogout
DA:9,3
DA:10,3
DA:11,3
DA:14,0
DA:15,0
DA:16,0
DA:17,0
DA:20,3
LF:8
LH:4
BRDA:23,0,0,3
BRDA:23,0,1,2
BRF:2
BRH:2
end_of_record
TN:
SF:src\Final\pages\Login.jsx
FN:7,Login
FN:14,handleSubmit
FN:47,(anonymous_2)
FN:48,(anonymous_3)
FNF:4
FNH:4
FNDA:33,Login
FNDA:3,handleSubmit
FNDA:13,(anonymous_2)
FNDA:12,(anonymous_3)
DA:8,33
DA:9,33
DA:10,33
DA:11,33
DA:12,33
DA:15,3
DA:16,3
DA:17,3
DA:18,1
DA:19,1
DA:22,2
DA:23,2
DA:28,2
DA:29,1
DA:31,1
DA:32,1
DA:33,1
DA:34,1
DA:35,1
DA:37,1
DA:41,33
DA:47,13
DA:48,12
LF:23
LH:23
BRDA:17,0,0,1
BRDA:17,0,1,2
BRDA:17,1,0,3
BRDA:17,1,1,2
BRDA:28,2,0,1
BRDA:28,2,1,1
BRDA:45,3,0,33
BRDA:45,3,1,10
BRF:8
BRH:8
end_of_record
TN:
SF:src\Final\routes\AppRouter.jsx
FN:8,PrivateRoute
FN:13,AppRouter
FNF:2
FNH:2
FNDA:2,PrivateRoute
FNDA:2,AppRouter
DA:9,2
DA:10,2
DA:14,2
LF:3
LH:3
BRDA:10,0,0,1
BRDA:10,0,1,1
BRF:2
BRH:2
end_of_record
TN:
SF:src\Final\tests\msw\server.js
FNF:0
FNH:0
DA:4,5
LF:1
LH:1
BRF:0
BRH:0
end_of_record
